
3월 24, 2020 24:15:35.38 NEW SESSION
3월 24, 2020 24:15:35.38 [16680:6488:0324/001535.383:ERROR:connection_factory_impl.cc(420)] Failed to connect to MCS endpoint with error -103
3월 24, 2020 24:15:45.09 [16680:6488:0324/001545.098:ERROR:connection_factory_impl.cc(420)] Failed to connect to MCS endpoint with error -101
3월 24, 2020 24:15:48.95 [16680:6488:0324/001548.949:ERROR:connection_factory_impl.cc(420)] Failed to connect to MCS endpoint with error -106
3월 24, 2020 01:16:41.55 [16680:6488:0324/011641.557:ERROR:socket_stream.cc(218)] Closing stream with result -2
3월 24, 2020 01:25:11.76 [16680:6488:0324/012511.759:ERROR:connection_factory_impl.cc(420)] Failed to connect to MCS endpoint with error -106
3월 24, 2020 02:02:44.98 [16680:6488:0324/020244.986:ERROR:socket_stream.cc(218)] Closing stream with result -2
3월 24, 2020 05:02:48.41 [16680:6488:0324/050248.416:ERROR:socket_stream.cc(218)] Closing stream with result -2
3월 24, 2020 05:02:48.71 [16680:20824:0324/050248.712:ERROR:gcm_channel_status_request.cc(145)] GCM channel request failed.
3월 24, 2020 05:02:49.46 [16680:16288:0324/050249.459:ERROR:get_updates_processor.cc(246)] PostClientToServerMessage() failed during GetUpdates
3월 24, 2020 05:02:51.83 [16680:16288:0324/050251.831:ERROR:get_updates_processor.cc(246)] PostClientToServerMessage() failed during GetUpdates
3월 24, 2020 05:02:54.84 [16680:16288:0324/050254.846:ERROR:get_updates_processor.cc(246)] PostClientToServerMessage() failed during GetUpdates
3월 24, 2020 07:56:54.54 [16680:6488:0324/075654.548:ERROR:socket_stream.cc(218)] Closing stream with result -2
3월 24, 2020 07:56:54.59 [16680:20824:0324/075654.596:ERROR:gcm_channel_status_request.cc(145)] GCM channel request failed.
3월 24, 2020 07:56:55.04 [16680:6488:0324/075655.043:ERROR:connection_factory_impl.cc(420)] Failed to connect to MCS endpoint with error -21
3월 24, 2020 07:57:00.28 [16680:6488:0324/075700.282:ERROR:connection_factory_impl.cc(420)] Failed to connect to MCS endpoint with error -105
3월 24, 2020 07:57:00.28 [16680:16288:0324/075700.284:ERROR:get_updates_processor.cc(246)] PostClientToServerMessage() failed during GetUpdates
3월 24, 2020 07:57:00.28 [16680:16288:0324/075700.288:ERROR:get_updates_processor.cc(246)] PostClientToServerMessage() failed during GetUpdates
3월 24, 2020 12:10:27.79 [16680:6488:0324/121027.792:ERROR:socket_stream.cc(218)] Closing stream with result -2
3월 24, 2020 12:57:45.34 [16680:20824:0324/125745.346:ERROR:gcm_channel_status_request.cc(145)] GCM channel request failed.
3월 24, 2020 12:57:45.71 [16680:6488:0324/125745.718:ERROR:socket_stream.cc(218)] Closing stream with result -2
3월 24, 2020 12:57:46.03 [16680:6488:0324/125746.031:ERROR:connection_factory_impl.cc(420)] Failed to connect to MCS endpoint with error -21

3월 24, 2020 18:36:54.89 NEW SESSION
3월 24, 2020 18:36:54.90 [12728:7540:0324/183654.869:ERROR:socket_stream.cc(218)] Closing stream with result -2
3월 24, 2020 21:43:10.93 [12728:7540:0324/214310.932:ERROR:socket_stream.cc(218)] Closing stream with result -2
3월 24, 2020 23:02:38.36 [12728:4656:0324/230238.360:ERROR:gcm_channel_status_request.cc(145)] GCM channel request failed.
3월 24, 2020 23:02:38.76 [12728:7540:0324/230238.761:ERROR:socket_stream.cc(218)] Closing stream with result -2
3월 24, 2020 23:02:38.79 [12728:7540:0324/230238.794:ERROR:connection_factory_impl.cc(420)] Failed to connect to MCS endpoint with error -21
3월 25, 2020 24:20:43.57 [12728:7540:0325/002043.573:ERROR:connection_factory_impl.cc(420)] Failed to connect to MCS endpoint with error -21
3월 25, 2020 24:20:45.74 [12728:7540:0325/002045.746:ERROR:connection_factory_impl.cc(420)] Failed to connect to MCS endpoint with error -106
3월 25, 2020 01:27:06.73 [12728:7540:0325/012706.731:ERROR:connection_factory_impl.cc(420)] Failed to connect to MCS endpoint with error -21
3월 25, 2020 01:27:13.30 [12728:7540:0325/012713.305:ERROR:connection_factory_impl.cc(420)] Failed to connect to MCS endpoint with error -21
3월 25, 2020 01:27:20.95 [12728:7540:0325/012720.952:ERROR:connection_factory_impl.cc(420)] Failed to connect to MCS endpoint with error -21
3월 25, 2020 01:52:44.89 [12728:7540:0325/015244.891:ERROR:connection_factory_impl.cc(420)] Failed to connect to MCS endpoint with error -21
3월 25, 2020 02:00:19.97 [12728:7540:0325/020019.974:ERROR:connection_factory_impl.cc(420)] Failed to connect to MCS endpoint with error -103
3월 25, 2020 02:00:33.03 [12728:7540:0325/020033.029:ERROR:connection_factory_impl.cc(420)] Failed to connect to MCS endpoint with error -106
3월 25, 2020 02:13:08.21 [12728:7540:0325/021308.216:ERROR:connection_factory_impl.cc(420)] Failed to connect to MCS endpoint with error -21
3월 25, 2020 02:13:14.79 [12728:7540:0325/021314.798:ERROR:connection_factory_impl.cc(420)] Failed to connect to MCS endpoint with error -21
3월 25, 2020 02:13:22.27 [12728:7540:0325/021322.277:ERROR:connection_factory_impl.cc(420)] Failed to connect to MCS endpoint with error -21
3월 25, 2020 02:13:24.46 [12728:7540:0325/021324.463:ERROR:connection_factory_impl.cc(420)] Failed to connect to MCS endpoint with error -106
3월 25, 2020 02:49:12.05 [12728:7540:0325/024912.054:ERROR:socket_stream.cc(218)] Closing stream with result -2
3월 25, 2020 05:49:15.57 [12728:7540:0325/054915.578:ERROR:socket_stream.cc(218)] Closing stream with result -2
3월 25, 2020 05:49:16.71 [12728:4656:0325/054916.358:ERROR:gcm_channel_status_request.cc(145)] GCM channel request failed.
3월 25, 2020 05:49:16.71 [12728:15736:0325/054916.482:ERROR:get_updates_processor.cc(246)] PostClientToServerMessage() failed during GetUpdates
3월 25, 2020 05:49:17.73 [12728:7540:0325/054917.737:ERROR:connection_factory_impl.cc(420)] Failed to connect to MCS endpoint with error -106
3월 25, 2020 09:56:56.45 [12728:7540:0325/095656.451:ERROR:connection_factory_impl.cc(420)] Failed to connect to MCS endpoint with error -106
3월 25, 2020 09:56:56.49 [12728:4656:0325/095656.499:ERROR:gcm_channel_status_request.cc(145)] GCM channel request failed.
3월 25, 2020 09:56:56.56 [12728:15736:0325/095656.563:ERROR:get_updates_processor.cc(246)] PostClientToServerMessage() failed during GetUpdates

4월 10, 2020 10:01:40.59 NEW SESSION
4월 10, 2020 10:01:40.59 [4328:16396:0410/100140.591:ERROR:browser_switcher_service.cc(238)] XXX Init()
4월 10, 2020 10:02:07.07 [17412:18068:0410/100207.072:ERROR:browser_switcher_service.cc(238)] XXX Init()
4월 10, 2020 10:03:36.74 [8916:6324:0410/100336.741:ERROR:browser_switcher_service.cc(238)] XXX Init()
4월 10, 2020 10:46:38.04 [17276:11288:0410/104638.045:ERROR:browser_switcher_service.cc(238)] XXX Init()

9월 04, 2020 13:01:28.24 NEW SESSION
9월 04, 2020 13:01:28.24 [13684:1736:0904/130128.238:ERROR:media_history_store.cc(363)] Failed to create or update the media history store.
9월 04, 2020 13:03:53.88 [13684:3996:0904/130353.883:ERROR:connection_factory_impl.cc(428)] Failed to connect to MCS endpoint with error -118
9월 04, 2020 13:14:52.73 [13684:14752:0904/131452.733:ERROR:page_load_metrics_update_dispatcher.cc(165)] Invalid first_paint 0.408 s for first_image_paint 0.392 s
9월 04, 2020 13:14:53.98 [13684:14752:0904/131453.979:ERROR:page_load_metrics_update_dispatcher.cc(165)] Invalid first_paint 0.408 s for first_image_paint 0.392 s
9월 04, 2020 13:43:01.05 [13684:14752:0904/134301.053:ERROR:CONSOLE(0)] "Access to XMLHttpRequest at 'https://play.google.com/log?format=json&hasfast=true&authuser=0' from origin 'chrome-search://local-ntp' has been blocked by CORS policy: No 'Access-Control-Allow-Origin' header is present on the requested resource.", source: chrome-search://local-ntp/local-ntp.html (0)
9월 04, 2020 14:44:51.00 [13684:3996:0904/144451.008:ERROR:connection_factory_impl.cc(428)] Failed to connect to MCS endpoint with error -118
9월 04, 2020 16:33:51.97 [13684:3996:0904/163351.973:ERROR:connection_factory_impl.cc(428)] Failed to connect to MCS endpoint with error -118
9월 04, 2020 16:35:07.61 [13684:3996:0904/163507.611:ERROR:socket_stream.cc(219)] Closing stream with result -2
9월 04, 2020 17:35:49.14 [13684:3996:0904/173549.141:ERROR:connection_factory_impl.cc(428)] Failed to connect to MCS endpoint with error -118

10월 24, 2020 13:26:58.84 NEW SESSION
10월 24, 2020 13:26:58.84 [2760:2312:1024/132658.825:ERROR:account_info_fetcher.cc(60)] OnGetTokenFailure: Request canceled.
10월 24, 2020 13:26:58.84 [2760:2312:1024/132658.825:ERROR:account_info_fetcher.cc(60)] OnGetTokenFailure: Request canceled.
10월 24, 2020 13:27:55.93 [7320:5200:1024/132755.931:ERROR:connection_factory_impl.cc(428)] Failed to connect to MCS endpoint with error -118
10월 24, 2020 13:37:25.99 [1024/133725.991:ERROR:directory_reader_win.cc(43)] FindFirstFile: 지정된 경로를 찾을 수 없습니다. (0x3)
